<?xml version="1.0" encoding="UTF-8"?>
<!-- Generated by org.testng.reporters.JUnitXMLReporter -->
<testsuite hostname="DESKTOP-65GROPU" ignored="0" name="Test" tests="1" failures="1" timestamp="25 Jan 2017 05:35:14 GMT" time="0.055" errors="0">
  <testcase name="loginforSuccess" time="0.0" classname="org.truven.irnextgen.qa.testcases.Adhoc_TC01">
    <failure type="org.testng.TestNGException" message="
Data Provider public java.lang.Object[][] org.truven.irnextgen.qa.wrappers.ProjectSpecificWrappers.getdata() throws java.lang.Throwable must return either Object[][] or Iterator&amp;lt;Object&amp;gt;[], not class [[Ljava.lang.Object;">
      <![CDATA[org.testng.TestNGException: 
Data Provider public java.lang.Object[][] org.truven.irnextgen.qa.wrappers.ProjectSpecificWrappers.getdata() throws java.lang.Throwable must return either Object[][] or Iterator<Object>[], not class [[Ljava.lang.Object;
	at java.util.concurrent.FutureTask.run(Unknown Source)
	at java.util.concurrent.ThreadPoolExecutor.runWorker(Unknown Source)
	at java.util.concurrent.ThreadPoolExecutor$Worker.run(Unknown Source)
	at java.lang.Thread.run(Unknown Source)
... Removed 13 stack frames]]>
    </failure>
  </testcase> <!-- loginforSuccess -->
</testsuite> <!-- Test -->
